d:\代码\xuming\顺序表 . . 通讯录\顺序表 . . 通讯录\debug\vc120.pdb
d:\代码\xuming\顺序表 . . 通讯录\顺序表 . . 通讯录\debug\vc120.idb
e:\浏览器\internet 临时文件\ie\56rjom4p\300[1]
d:\代码\xuming\顺序表 . . 通讯录\顺序表 . . 通讯录\debug\address_list.nativecodeanalysis.xml
e:\浏览器\internet 临时文件\ie\xqq65ymd\213[1]
d:\代码\xuming\顺序表 . . 通讯录\顺序表 . . 通讯录\debug\test.nativecodeanalysis.xml
d:\代码\xuming\顺序表 . . 通讯录\顺序表 . . 通讯录\debug\test.obj
d:\代码\xuming\顺序表 . . 通讯录\顺序表 . . 通讯录\debug\address_list.obj
d:\代码\xuming\顺序表 . . 通讯录\debug\顺序表 . . 通讯录.ilk
d:\代码\xuming\顺序表 . . 通讯录\debug\顺序表 . . 通讯录.exe
d:\代码\xuming\顺序表 . . 通讯录\debug\顺序表 . . 通讯录.pdb
d:\代码\xuming\顺序表 . . 通讯录\顺序表 . . 通讯录\debug\nativecodeanalysis.read.1.tlog
d:\代码\xuming\顺序表 . . 通讯录\顺序表 . . 通讯录\debug\vc.nativecodeanalysis.all.xml
d:\代码\xuming\顺序表 . . 通讯录\debug\顺序表 . . 通讯录.exe.lastcodeanalysissucceeded
d:\代码\xuming\顺序表 . . 通讯录\顺序表 . . 通讯录\debug\顺序表 . . 通讯录.tlog\cl.command.1.tlog
d:\代码\xuming\顺序表 . . 通讯录\顺序表 . . 通讯录\debug\顺序表 . . 通讯录.tlog\cl.read.1.tlog
d:\代码\xuming\顺序表 . . 通讯录\顺序表 . . 通讯录\debug\顺序表 . . 通讯录.tlog\cl.write.1.tlog
d:\代码\xuming\顺序表 . . 通讯录\顺序表 . . 通讯录\debug\顺序表 . . 通讯录.tlog\link.command.1.tlog
d:\代码\xuming\顺序表 . . 通讯录\顺序表 . . 通讯录\debug\顺序表 . . 通讯录.tlog\link.read.1.tlog
d:\代码\xuming\顺序表 . . 通讯录\顺序表 . . 通讯录\debug\顺序表 . . 通讯录.tlog\link.write.1.tlog
