d:\代码\xuming\链表测试\链表测试\debug\vc120.pdb
d:\代码\xuming\链表测试\链表测试\debug\vc120.idb
e:\浏览器\internet 临时文件\ie\56rjom4p\300[1]
d:\代码\xuming\链表测试\链表测试\debug\head.nativecodeanalysis.xml
e:\浏览器\internet 临时文件\ie\xqq65ymd\213[2]
d:\代码\xuming\链表测试\链表测试\debug\test.nativecodeanalysis.xml
d:\代码\xuming\链表测试\链表测试\debug\test.obj
d:\代码\xuming\链表测试\链表测试\debug\head.obj
d:\代码\xuming\链表测试\debug\链表测试.ilk
d:\代码\xuming\链表测试\debug\链表测试.exe
d:\代码\xuming\链表测试\debug\链表测试.pdb
d:\代码\xuming\链表测试\链表测试\debug\nativecodeanalysis.read.1.tlog
d:\代码\xuming\链表测试\链表测试\debug\vc.nativecodeanalysis.all.xml
d:\代码\xuming\链表测试\debug\链表测试.exe.lastcodeanalysissucceeded
d:\代码\xuming\链表测试\链表测试\debug\链表测试.tlog\cl.command.1.tlog
d:\代码\xuming\链表测试\链表测试\debug\链表测试.tlog\cl.read.1.tlog
d:\代码\xuming\链表测试\链表测试\debug\链表测试.tlog\cl.write.1.tlog
d:\代码\xuming\链表测试\链表测试\debug\链表测试.tlog\link.command.1.tlog
d:\代码\xuming\链表测试\链表测试\debug\链表测试.tlog\link.read.1.tlog
d:\代码\xuming\链表测试\链表测试\debug\链表测试.tlog\link.write.1.tlog
