c:\users\小执\documents\visual studio 2013\projects\链表测试\链表测试\debug\vc120.pdb
c:\users\小执\documents\visual studio 2013\projects\链表测试\链表测试\debug\vc120.idb
e:\浏览器\internet 临时文件\ie\z72ofc9r\300[1]
c:\users\小执\documents\visual studio 2013\projects\链表测试\链表测试\debug\linklist.nativecodeanalysis.xml
e:\浏览器\internet 临时文件\ie\bn16tqgu\213[1]
c:\users\小执\documents\visual studio 2013\projects\链表测试\链表测试\debug\test.nativecodeanalysis.xml
c:\users\小执\documents\visual studio 2013\projects\链表测试\链表测试\debug\test.obj
c:\users\小执\documents\visual studio 2013\projects\链表测试\链表测试\debug\linklist.obj
c:\users\小执\documents\visual studio 2013\projects\链表测试\debug\链表测试.ilk
c:\users\小执\documents\visual studio 2013\projects\链表测试\debug\链表测试.exe
c:\users\小执\documents\visual studio 2013\projects\链表测试\debug\链表测试.pdb
c:\users\小执\documents\visual studio 2013\projects\链表测试\链表测试\debug\nativecodeanalysis.read.1.tlog
c:\users\小执\documents\visual studio 2013\projects\链表测试\链表测试\debug\vc.nativecodeanalysis.all.xml
c:\users\小执\documents\visual studio 2013\projects\链表测试\debug\链表测试.exe.lastcodeanalysissucceeded
c:\users\小执\documents\visual studio 2013\projects\链表测试\链表测试\debug\链表测试.tlog\cl.command.1.tlog
c:\users\小执\documents\visual studio 2013\projects\链表测试\链表测试\debug\链表测试.tlog\cl.read.1.tlog
c:\users\小执\documents\visual studio 2013\projects\链表测试\链表测试\debug\链表测试.tlog\cl.write.1.tlog
c:\users\小执\documents\visual studio 2013\projects\链表测试\链表测试\debug\链表测试.tlog\link.command.1.tlog
c:\users\小执\documents\visual studio 2013\projects\链表测试\链表测试\debug\链表测试.tlog\link.read.1.tlog
c:\users\小执\documents\visual studio 2013\projects\链表测试\链表测试\debug\链表测试.tlog\link.write.1.tlog
