d:\代码\c语言\c语言复习\c语言复习\debug\vc120.pdb
d:\代码\c语言\c语言复习\c语言复习\debug\vc120.idb
e:\浏览器\internet 临时文件\ie\neoedr88\300[1]
d:\代码\c语言\c语言复习\c语言复习\debug\list.nativecodeanalysis.xml
e:\浏览器\internet 临时文件\ie\q53k7xah\213[1]
d:\代码\c语言\c语言复习\c语言复习\debug\test.nativecodeanalysis.xml
d:\代码\c语言\c语言复习\c语言复习\debug\test.obj
d:\代码\c语言\c语言复习\c语言复习\debug\list.obj
d:\代码\c语言\c语言复习\debug\c语言复习.ilk
d:\代码\c语言\c语言复习\debug\c语言复习.exe
d:\代码\c语言\c语言复习\debug\c语言复习.pdb
d:\代码\c语言\c语言复习\c语言复习\debug\nativecodeanalysis.read.1.tlog
d:\代码\c语言\c语言复习\c语言复习\debug\vc.nativecodeanalysis.all.xml
d:\代码\c语言\c语言复习\debug\c语言复习.exe.lastcodeanalysissucceeded
d:\代码\c语言\c语言复习\c语言复习\debug\c语言复习.tlog\cl.command.1.tlog
d:\代码\c语言\c语言复习\c语言复习\debug\c语言复习.tlog\cl.read.1.tlog
d:\代码\c语言\c语言复习\c语言复习\debug\c语言复习.tlog\cl.write.1.tlog
d:\代码\c语言\c语言复习\c语言复习\debug\c语言复习.tlog\link.command.1.tlog
d:\代码\c语言\c语言复习\c语言复习\debug\c语言复习.tlog\link.read.1.tlog
d:\代码\c语言\c语言复习\c语言复习\debug\c语言复习.tlog\link.write.1.tlog
