d:\代码\xuming\cpp作业\cpp作业\debug\vc120.pdb
d:\代码\xuming\cpp作业\cpp作业\debug\vc120.idb
d:\代码\xuming\cpp作业\cpp作业\debug\源.obj
d:\代码\xuming\cpp作业\debug\cpp作业.pdb
d:\代码\xuming\cpp作业\cpp作业\debug\cpp作业.tlog\cl.command.1.tlog
d:\代码\xuming\cpp作业\cpp作业\debug\cpp作业.tlog\cl.read.1.tlog
d:\代码\xuming\cpp作业\cpp作业\debug\cpp作业.tlog\cl.write.1.tlog
d:\代码\xuming\cpp作业\cpp作业\debug\cpp作业.tlog\link-cvtres.read.1.tlog
d:\代码\xuming\cpp作业\cpp作业\debug\cpp作业.tlog\link-cvtres.write.1.tlog
d:\代码\xuming\cpp作业\cpp作业\debug\cpp作业.tlog\link-rc.read.1.tlog
d:\代码\xuming\cpp作业\cpp作业\debug\cpp作业.tlog\link-rc.write.1.tlog
d:\代码\xuming\cpp作业\cpp作业\debug\cpp作业.tlog\link.14660-cvtres.read.1.tlog
d:\代码\xuming\cpp作业\cpp作业\debug\cpp作业.tlog\link.14660-cvtres.write.1.tlog
d:\代码\xuming\cpp作业\cpp作业\debug\cpp作业.tlog\link.14660-rc.read.1.tlog
d:\代码\xuming\cpp作业\cpp作业\debug\cpp作业.tlog\link.14660-rc.write.1.tlog
d:\代码\xuming\cpp作业\cpp作业\debug\cpp作业.tlog\link.14660.read.1.tlog
d:\代码\xuming\cpp作业\cpp作业\debug\cpp作业.tlog\link.14660.write.1.tlog
d:\代码\xuming\cpp作业\cpp作业\debug\cpp作业.tlog\link.command.1.tlog
d:\代码\xuming\cpp作业\cpp作业\debug\cpp作业.tlog\link.read.1.tlog
d:\代码\xuming\cpp作业\cpp作业\debug\cpp作业.tlog\link.write.1.tlog
